{"C:\\Users\\User\\Desktop\\Development\\Courses\\vue-masterclass\\job-search\\src\\api\\getJobs.js": {"path":"C:\\Users\\User\\Desktop\\Development\\Courses\\vue-masterclass\\job-search\\src\\api\\getJobs.js","statementMap":{"0":{"start":{"line":3,"column":16},"end":{"line":7,"column":1}},"1":{"start":{"line":4,"column":18},"end":{"line":4,"column":45}},"2":{"start":{"line":5,"column":19},"end":{"line":5,"column":53}},"3":{"start":{"line":6,"column":2},"end":{"line":6,"column":22}}},"fnMap":{"0":{"name":"(anonymous_0)","decl":{"start":{"line":3,"column":16},"end":{"line":3,"column":17}},"loc":{"start":{"line":3,"column":28},"end":{"line":7,"column":1}},"line":3}},"branchMap":{},"s":{"0":2,"1":2,"2":2,"3":2},"f":{"0":2},"b":{},"_coverageSchema":"1a1c01bbd47fc00a2c39e90264f33305004495a9","hash":"9f2d6ff4a6e093beb6bac536ff6ff015bde58293"}
,"C:\\Users\\User\\Desktop\\Development\\Courses\\vue-masterclass\\job-search\\src\\components\\JobResults\\JobListing.vue": {"path":"C:\\Users\\User\\Desktop\\Development\\Courses\\vue-masterclass\\job-search\\src\\components\\JobResults\\JobListing.vue","statementMap":{"0":{"start":{"line":57,"column":15},"end":{"line":57,"column":null}},"1":{"start":{"line":67,"column":6},"end":{"line":67,"column":14}}},"fnMap":{"0":{"name":"(anonymous_0)","decl":{"start":{"line":66,"column":4},"end":{"line":66,"column":15}},"loc":{"start":{"line":66,"column":18},"end":{"line":68,"column":null}}}},"branchMap":{},"s":{"0":2,"1":5},"f":{"0":5},"b":{}}
,"C:\\Users\\User\\Desktop\\Development\\Courses\\vue-masterclass\\job-search\\src\\components\\Navigation\\ProfileImage.vue": {"path":"C:\\Users\\User\\Desktop\\Development\\Courses\\vue-masterclass\\job-search\\src\\components\\Navigation\\ProfileImage.vue","statementMap":{"0":{"start":{"line":6,"column":15},"end":{"line":6,"column":null}},"1":{"start":{"line":9,"column":4},"end":{"line":9,"column":11}}},"fnMap":{"0":{"name":"(anonymous_0)","decl":{"start":{"line":8,"column":2},"end":{"line":8,"column":6}},"loc":{"start":{"line":8,"column":9},"end":{"line":13,"column":null}}}},"branchMap":{},"s":{"0":2,"1":1},"f":{"0":1},"b":{}}
,"C:\\Users\\User\\Desktop\\Development\\Courses\\vue-masterclass\\job-search\\src\\components\\Shared\\ActionButton.vue": {"path":"C:\\Users\\User\\Desktop\\Development\\Courses\\vue-masterclass\\job-search\\src\\components\\Shared\\ActionButton.vue","statementMap":{"0":{"start":{"line":8,"column":15},"end":{"line":8,"column":null}},"1":{"start":{"line":20,"column":8},"end":{"line":20,"column":15}}},"fnMap":{"0":{"name":"(anonymous_0)","decl":{"start":{"line":19,"column":6},"end":{"line":19,"column":15}},"loc":{"start":{"line":19,"column":23},"end":{"line":21,"column":null}}}},"branchMap":{},"s":{"0":3,"1":7},"f":{"0":7},"b":{}}
,"C:\\Users\\User\\Desktop\\Development\\Courses\\vue-masterclass\\job-search\\src\\components\\Shared\\HeaderContainer.vue": {"path":"C:\\Users\\User\\Desktop\\Development\\Courses\\vue-masterclass\\job-search\\src\\components\\Shared\\HeaderContainer.vue","statementMap":{"0":{"start":{"line":11,"column":15},"end":{"line":11,"column":null}}},"fnMap":{},"branchMap":{},"s":{"0":1},"f":{},"b":{}}
,"C:\\Users\\User\\Desktop\\Development\\Courses\\vue-masterclass\\job-search\\src\\components\\Shared\\TextInput.vue": {"path":"C:\\Users\\User\\Desktop\\Development\\Courses\\vue-masterclass\\job-search\\src\\components\\Shared\\TextInput.vue","statementMap":{"0":{"start":{"line":12,"column":15},"end":{"line":12,"column":null}},"1":{"start":{"line":28,"column":6},"end":{"line":28,"column":11}}},"fnMap":{"0":{"name":"(anonymous_0)","decl":{"start":{"line":27,"column":4},"end":{"line":27,"column":15}},"loc":{"start":{"line":27,"column":24},"end":{"line":29,"column":null}}}},"branchMap":{},"s":{"0":2,"1":5},"f":{"0":5},"b":{}}
,"C:\\Users\\User\\Desktop\\Development\\Courses\\vue-masterclass\\job-search\\src\\store\\actions.js": {"path":"C:\\Users\\User\\Desktop\\Development\\Courses\\vue-masterclass\\job-search\\src\\store\\actions.js","statementMap":{"0":{"start":{"line":5,"column":16},"end":{"line":10,"column":1}},"1":{"start":{"line":7,"column":24},"end":{"line":7,"column":39}},"2":{"start":{"line":8,"column":4},"end":{"line":8,"column":45}}},"fnMap":{"0":{"name":"(anonymous_0)","decl":{"start":{"line":6,"column":16},"end":{"line":6,"column":17}},"loc":{"start":{"line":6,"column":33},"end":{"line":9,"column":3}},"line":6}},"branchMap":{},"s":{"0":1,"1":2,"2":2},"f":{"0":2},"b":{},"_coverageSchema":"1a1c01bbd47fc00a2c39e90264f33305004495a9","hash":"c45586568911235ac7a4837d10b2c14380548f14"}
,"C:\\Users\\User\\Desktop\\Development\\Courses\\vue-masterclass\\job-search\\src\\store\\constants.js": {"path":"C:\\Users\\User\\Desktop\\Development\\Courses\\vue-masterclass\\job-search\\src\\store\\constants.js","statementMap":{"0":{"start":{"line":2,"column":26},"end":{"line":2,"column":38}},"1":{"start":{"line":5,"column":26},"end":{"line":5,"column":38}},"2":{"start":{"line":6,"column":29},"end":{"line":6,"column":44}},"3":{"start":{"line":7,"column":28},"end":{"line":7,"column":42}},"4":{"start":{"line":10,"column":38},"end":{"line":10,"column":62}},"5":{"start":{"line":11,"column":39},"end":{"line":11,"column":64}},"6":{"start":{"line":12,"column":32},"end":{"line":12,"column":50}},"7":{"start":{"line":15,"column":42},"end":{"line":15,"column":70}},"8":{"start":{"line":16,"column":43},"end":{"line":16,"column":72}},"9":{"start":{"line":17,"column":36},"end":{"line":17,"column":58}}},"fnMap":{},"branchMap":{},"s":{"0":8,"1":8,"2":8,"3":8,"4":8,"5":8,"6":8,"7":8,"8":8,"9":8},"f":{},"b":{},"_coverageSchema":"1a1c01bbd47fc00a2c39e90264f33305004495a9","hash":"defa3775b45856b62246bb81249122e69bb8c483"}
,"C:\\Users\\User\\Desktop\\Development\\Courses\\vue-masterclass\\job-search\\src\\store\\getters.js": {"path":"C:\\Users\\User\\Desktop\\Development\\Courses\\vue-masterclass\\job-search\\src\\store\\getters.js","statementMap":{"0":{"start":{"line":9,"column":16},"end":{"line":33,"column":1}},"1":{"start":{"line":11,"column":4},"end":{"line":13,"column":62}},"2":{"start":{"line":12,"column":21},"end":{"line":12,"column":57}},"3":{"start":{"line":13,"column":21},"end":{"line":13,"column":61}},"4":{"start":{"line":15,"column":38},"end":{"line":18,"column":3}},"5":{"start":{"line":16,"column":4},"end":{"line":16,"column":56}},"6":{"start":{"line":16,"column":45},"end":{"line":16,"column":56}},"7":{"start":{"line":17,"column":4},"end":{"line":17,"column":55}},"8":{"start":{"line":19,"column":42},"end":{"line":22,"column":3}},"9":{"start":{"line":20,"column":4},"end":{"line":20,"column":61}},"10":{"start":{"line":20,"column":50},"end":{"line":20,"column":61}},"11":{"start":{"line":21,"column":4},"end":{"line":21,"column":65}},"12":{"start":{"line":24,"column":27},"end":{"line":24,"column":36}},"13":{"start":{"line":25,"column":4},"end":{"line":25,"column":62}},"14":{"start":{"line":25,"column":30},"end":{"line":25,"column":61}},"15":{"start":{"line":26,"column":4},"end":{"line":26,"column":25}},"16":{"start":{"line":29,"column":32},"end":{"line":29,"column":41}},"17":{"start":{"line":30,"column":4},"end":{"line":30,"column":72}},"18":{"start":{"line":30,"column":30},"end":{"line":30,"column":71}},"19":{"start":{"line":31,"column":4},"end":{"line":31,"column":30}}},"fnMap":{"0":{"name":"(anonymous_0)","decl":{"start":{"line":10,"column":2},"end":{"line":10,"column":3}},"loc":{"start":{"line":10,"column":34},"end":{"line":14,"column":3}},"line":10},"1":{"name":"(anonymous_1)","decl":{"start":{"line":12,"column":14},"end":{"line":12,"column":15}},"loc":{"start":{"line":12,"column":21},"end":{"line":12,"column":57}},"line":12},"2":{"name":"(anonymous_2)","decl":{"start":{"line":13,"column":14},"end":{"line":13,"column":15}},"loc":{"start":{"line":13,"column":21},"end":{"line":13,"column":61}},"line":13},"3":{"name":"(anonymous_3)","decl":{"start":{"line":15,"column":29},"end":{"line":15,"column":30}},"loc":{"start":{"line":15,"column":38},"end":{"line":18,"column":3}},"line":15},"4":{"name":"(anonymous_4)","decl":{"start":{"line":15,"column":38},"end":{"line":15,"column":39}},"loc":{"start":{"line":15,"column":45},"end":{"line":18,"column":3}},"line":15},"5":{"name":"(anonymous_5)","decl":{"start":{"line":19,"column":33},"end":{"line":19,"column":34}},"loc":{"start":{"line":19,"column":42},"end":{"line":22,"column":3}},"line":19},"6":{"name":"(anonymous_6)","decl":{"start":{"line":19,"column":42},"end":{"line":19,"column":43}},"loc":{"start":{"line":19,"column":49},"end":{"line":22,"column":3}},"line":19},"7":{"name":"(anonymous_7)","decl":{"start":{"line":23,"column":2},"end":{"line":23,"column":3}},"loc":{"start":{"line":23,"column":28},"end":{"line":27,"column":3}},"line":23},"8":{"name":"(anonymous_8)","decl":{"start":{"line":25,"column":23},"end":{"line":25,"column":24}},"loc":{"start":{"line":25,"column":30},"end":{"line":25,"column":61}},"line":25},"9":{"name":"(anonymous_9)","decl":{"start":{"line":28,"column":2},"end":{"line":28,"column":3}},"loc":{"start":{"line":28,"column":32},"end":{"line":32,"column":3}},"line":28},"10":{"name":"(anonymous_10)","decl":{"start":{"line":30,"column":23},"end":{"line":30,"column":24}},"loc":{"start":{"line":30,"column":30},"end":{"line":30,"column":71}},"line":30}},"branchMap":{"0":{"loc":{"start":{"line":16,"column":4},"end":{"line":16,"column":56}},"type":"if","locations":[{"start":{"line":16,"column":4},"end":{"line":16,"column":56}},{"start":{},"end":{}}],"line":16},"1":{"loc":{"start":{"line":20,"column":4},"end":{"line":20,"column":61}},"type":"if","locations":[{"start":{"line":20,"column":4},"end":{"line":20,"column":61}},{"start":{},"end":{}}],"line":20}},"s":{"0":1,"1":1,"2":1,"3":1,"4":2,"5":2,"6":1,"7":1,"8":2,"9":2,"10":1,"11":1,"12":1,"13":1,"14":3,"15":1,"16":1,"17":1,"18":3,"19":1},"f":{"0":1,"1":1,"2":1,"3":2,"4":2,"5":2,"6":2,"7":1,"8":3,"9":1,"10":3},"b":{"0":[1,1],"1":[1,1]},"_coverageSchema":"1a1c01bbd47fc00a2c39e90264f33305004495a9","hash":"574ff9f551e072a9ec1224dacf9b8b2883632f6a"}
,"C:\\Users\\User\\Desktop\\Development\\Courses\\vue-masterclass\\job-search\\src\\store\\mutations.js": {"path":"C:\\Users\\User\\Desktop\\Development\\Courses\\vue-masterclass\\job-search\\src\\store\\mutations.js","statementMap":{"0":{"start":{"line":8,"column":18},"end":{"line":21,"column":1}},"1":{"start":{"line":10,"column":4},"end":{"line":10,"column":37}},"2":{"start":{"line":13,"column":4},"end":{"line":13,"column":47}},"3":{"start":{"line":16,"column":4},"end":{"line":16,"column":27}},"4":{"start":{"line":19,"column":4},"end":{"line":19,"column":21}}},"fnMap":{"0":{"name":"(anonymous_0)","decl":{"start":{"line":9,"column":2},"end":{"line":9,"column":3}},"loc":{"start":{"line":9,"column":44},"end":{"line":11,"column":3}},"line":9},"1":{"name":"(anonymous_1)","decl":{"start":{"line":12,"column":2},"end":{"line":12,"column":3}},"loc":{"start":{"line":12,"column":53},"end":{"line":14,"column":3}},"line":12},"2":{"name":"(anonymous_2)","decl":{"start":{"line":15,"column":2},"end":{"line":15,"column":3}},"loc":{"start":{"line":15,"column":22},"end":{"line":17,"column":3}},"line":15},"3":{"name":"(anonymous_3)","decl":{"start":{"line":18,"column":2},"end":{"line":18,"column":3}},"loc":{"start":{"line":18,"column":30},"end":{"line":20,"column":3}},"line":18}},"branchMap":{},"s":{"0":1,"1":1,"2":1,"3":1,"4":1},"f":{"0":1,"1":1,"2":1,"3":1},"b":{},"_coverageSchema":"1a1c01bbd47fc00a2c39e90264f33305004495a9","hash":"7fbe515f33523065f714d8a6af4d2b5ba4c10f0e"}
,"C:\\Users\\User\\Desktop\\Development\\Courses\\vue-masterclass\\job-search\\src\\store\\state.js": {"path":"C:\\Users\\User\\Desktop\\Development\\Courses\\vue-masterclass\\job-search\\src\\store\\state.js","statementMap":{"0":{"start":{"line":1,"column":14},"end":{"line":8,"column":1}},"1":{"start":{"line":2,"column":2},"end":{"line":7,"column":3}}},"fnMap":{"0":{"name":"(anonymous_0)","decl":{"start":{"line":1,"column":14},"end":{"line":1,"column":15}},"loc":{"start":{"line":1,"column":20},"end":{"line":8,"column":1}},"line":1}},"branchMap":{},"s":{"0":1,"1":4},"f":{"0":4},"b":{},"_coverageSchema":"1a1c01bbd47fc00a2c39e90264f33305004495a9","hash":"8de8c2a7498e270450f3f8558e21b34b78d0c791"}
,"C:\\Users\\User\\Desktop\\Development\\Courses\\vue-masterclass\\job-search\\src\\utils\\nextElementInList.js": {"path":"C:\\Users\\User\\Desktop\\Development\\Courses\\vue-masterclass\\job-search\\src\\utils\\nextElementInList.js","statementMap":{"0":{"start":{"line":1,"column":26},"end":{"line":6,"column":1}},"1":{"start":{"line":2,"column":28},"end":{"line":2,"column":47}},"2":{"start":{"line":3,"column":25},"end":{"line":3,"column":62}},"3":{"start":{"line":4,"column":20},"end":{"line":4,"column":40}},"4":{"start":{"line":5,"column":2},"end":{"line":5,"column":18}}},"fnMap":{"0":{"name":"(anonymous_0)","decl":{"start":{"line":1,"column":26},"end":{"line":1,"column":27}},"loc":{"start":{"line":1,"column":43},"end":{"line":6,"column":1}},"line":1}},"branchMap":{},"s":{"0":2,"1":5,"2":5,"3":5,"4":5},"f":{"0":5},"b":{},"_coverageSchema":"1a1c01bbd47fc00a2c39e90264f33305004495a9","hash":"cac7953d8fa125f7bda8f8bc4e009c45ab56a0bb"}
}
