TN:
SF:src\api\getJobs.ts
FN:5,(anonymous_1)
FNF:1
FNH:1
FNDA:2,(anonymous_1)
DA:1,4
DA:5,4
DA:6,2
DA:7,2
DA:8,2
DA:11,4
LF:6
LH:6
BRF:0
BRH:0
end_of_record
TN:
SF:src\components\JobResults\JobListing.vue
FN:69,(anonymous_0)
FN:70,(anonymous_1)
FNF:2
FNH:2
FNDA:5,(anonymous_0)
FNDA:5,(anonymous_1)
DA:57,2
DA:61,2
DA:70,5
DA:72,5
LF:4
LH:4
BRF:0
BRH:0
end_of_record
TN:
SF:src\components\JobResults\JobListings.vue
FN:50,(anonymous_1)
FN:57,(anonymous_2)
FN:64,(anonymous_3)
FNF:3
FNH:2
FNDA:7,(anonymous_1)
FNDA:0,(anonymous_2)
FNDA:7,(anonymous_3)
DA:36,1
DA:38,1
DA:40,1
DA:41,1
DA:43,1
DA:45,1
DA:51,7
DA:53,7
DA:55,7
DA:57,7
DA:59,7
DA:64,7
DA:65,7
DA:66,7
DA:69,7
LF:15
LH:15
BRF:0
BRH:0
end_of_record
TN:
SF:src\components\JobResults\JobFiltersSidebar\JobFiltersSidebar.vue
FN:49,(anonymous_1)
FNF:1
FNH:1
FNDA:2,(anonymous_1)
DA:30,1
DA:32,1
DA:33,1
DA:34,1
DA:36,1
DA:37,1
DA:42,1
DA:50,2
DA:51,2
DA:53,2
LF:10
LH:10
BRF:0
BRH:0
end_of_record
TN:
SF:src\components\JobResults\JobFiltersSidebar\JobFiltersSidebarCheckboxGroup.vue
FN:52,(anonymous_1)
FN:58,(anonymous_2)
FNF:2
FNH:2
FNDA:3,(anonymous_1)
FNDA:2,(anonymous_2)
DA:25,2
DA:26,2
DA:27,2
DA:29,2
DA:31,2
DA:33,2
DA:53,3
DA:54,3
DA:56,3
DA:58,3
DA:59,2
DA:60,2
DA:63,3
LF:13
LH:13
BRF:0
BRH:0
end_of_record
TN:
SF:src\components\JobSearch\Headline.vue
FN:31,(anonymous_1)
FN:38,(anonymous_2)
FN:44,(anonymous_3)
FN:47,(anonymous_4)
FN:51,(anonymous_5)
FN:52,(anonymous_6)
FNF:6
FNH:6
FNDA:4,(anonymous_1)
FNDA:7,(anonymous_2)
FNDA:4,(anonymous_3)
FNDA:1,(anonymous_4)
FNDA:4,(anonymous_5)
FNDA:3,(anonymous_6)
DA:16,1
DA:18,1
DA:29,1
DA:32,4
DA:39,7
DA:45,4
DA:48,1
DA:51,4
DA:52,4
DA:53,3
DA:54,3
LF:11
LH:11
BRF:0
BRH:0
end_of_record
TN:
SF:src\components\JobSearch\JobSearchForm.vue
FN:51,(anonymous_1)
FN:57,(anonymous_2)
FNF:2
FNH:2
FNDA:1,(anonymous_1)
FNDA:1,(anonymous_2)
DA:39,1
DA:40,1
DA:42,1
DA:43,1
DA:45,1
DA:52,1
DA:54,1
DA:55,1
DA:57,1
DA:58,1
DA:64,1
LF:11
LH:11
BRF:0
BRH:0
end_of_record
TN:
SF:src\components\JobSearch\Spotlight.vue
FN:26,(anonymous_14)
FN:29,(anonymous_15)
FNF:2
FNH:2
FNDA:3,(anonymous_14)
FNDA:6,(anonymous_15)
DA:14,1
DA:15,1
DA:24,1
DA:26,3
DA:27,3
DA:29,3
DA:30,3
DA:31,3
DA:32,3
DA:33,3
DA:35,3
DA:37,3
LF:12
LH:12
BRF:0
BRH:0
end_of_record
TN:
SF:src\components\Navigation\MainNav.vue
FN:60,(anonymous_3)
FN:72,(anonymous_4)
FNF:2
FNH:2
FNDA:6,(anonymous_3)
FNDA:6,(anonymous_4)
DA:44,1
DA:45,1
DA:47,1
DA:49,1
DA:50,1
DA:51,1
DA:53,1
DA:61,6
DA:73,6
LF:9
LH:9
BRF:0
BRH:0
end_of_record
TN:
SF:src\components\Navigation\ProfileImage.vue
FN:10,(anonymous_0)
FNF:1
FNH:1
FNDA:1,(anonymous_0)
DA:6,2
DA:8,2
DA:11,1
LF:3
LH:3
BRF:0
BRH:0
end_of_record
TN:
SF:src\components\Navigation\SubNav.vue
FN:25,(anonymous_1)
FNF:1
FNH:1
FNDA:2,(anonymous_1)
DA:18,2
DA:20,2
DA:21,2
DA:23,2
DA:26,2
DA:27,2
DA:29,2
LF:7
LH:7
BRF:0
BRH:0
end_of_record
TN:
SF:src\components\Shared\Accordion.vue
FN:30,(anonymous_0)
FN:33,(anonymous_1)
FN:37,(anonymous_2)
FNF:3
FNH:3
FNDA:5,(anonymous_0)
FNDA:5,(anonymous_1)
FNDA:10,(anonymous_2)
DA:20,3
DA:22,3
DA:31,5
DA:33,5
DA:34,5
DA:37,5
DA:38,10
DA:41,5
LF:8
LH:8
BRDA:38,0,0,5
BRDA:38,0,1,5
BRF:2
BRH:2
end_of_record
TN:
SF:src\components\Shared\ActionButton.vue
FN:22,(anonymous_0)
FNF:1
FNH:1
FNDA:9,(anonymous_0)
DA:8,4
DA:11,4
DA:23,9
LF:3
LH:3
BRF:0
BRH:0
end_of_record
TN:
SF:src\components\Shared\HeaderContainer.vue
FNF:0
FNH:0
DA:11,1
DA:13,1
LF:2
LH:2
BRF:0
BRH:0
end_of_record
TN:
SF:src\components\Shared\TextInput.vue
FN:29,(anonymous_0)
FNF:1
FNH:1
FNDA:5,(anonymous_0)
DA:12,2
DA:14,2
DA:30,5
DA:31,5
LF:4
LH:4
BRF:0
BRH:0
end_of_record
TN:
SF:src\composables\useConfirmRoute.ts
FN:4,(anonymous_0)
FN:6,(anonymous_1)
FNF:2
FNH:2
FNDA:1,(anonymous_0)
FNDA:1,(anonymous_1)
DA:1,3
DA:2,3
DA:4,3
DA:5,1
DA:6,1
DA:9,3
LF:6
LH:6
BRF:0
BRH:0
end_of_record
TN:
SF:src\composables\useCurrentPage.ts
FN:4,(anonymous_0)
FN:7,(anonymous_1)
FNF:2
FNH:2
FNDA:2,(anonymous_0)
FNDA:2,(anonymous_1)
DA:1,2
DA:2,2
DA:4,2
DA:5,2
DA:6,2
DA:7,2
DA:10,2
LF:7
LH:7
BRDA:7,0,0,2
BRDA:7,0,1,1
BRF:2
BRH:2
end_of_record
TN:
SF:src\composables\usePreviousAndNextPages.ts
FN:7,(anonymous_0)
FN:11,(anonymous_1)
FN:16,(anonymous_2)
FNF:3
FNH:3
FNDA:4,(anonymous_0)
FNDA:2,(anonymous_1)
FNDA:2,(anonymous_2)
DA:1,2
DA:7,2
DA:11,4
DA:12,2
DA:13,2
DA:16,4
DA:17,2
DA:18,2
DA:21,4
DA:24,2
LF:10
LH:10
BRDA:13,0,0,1
BRDA:13,0,1,1
BRDA:18,1,0,1
BRDA:18,1,1,1
BRF:4
BRH:4
end_of_record
TN:
SF:src\store\actions.ts
FN:12,(anonymous_1)
FNF:1
FNH:1
FNDA:2,(anonymous_1)
DA:3,3
DA:5,3
DA:11,3
DA:13,2
DA:14,2
DA:18,3
LF:6
LH:6
BRF:0
BRH:0
end_of_record
TN:
SF:src\store\composables.ts
FN:15,(anonymous_0)
FN:17,(anonymous_1)
FN:20,(anonymous_2)
FN:22,(anonymous_3)
FN:25,(anonymous_4)
FN:27,(anonymous_5)
FN:32,(anonymous_6)
FNF:7
FNH:7
FNDA:1,(anonymous_0)
FNDA:1,(anonymous_1)
FNDA:1,(anonymous_2)
FNDA:1,(anonymous_3)
FNDA:1,(anonymous_4)
FNDA:1,(anonymous_5)
FNDA:1,(anonymous_6)
DA:1,5
DA:2,5
DA:4,5
DA:15,5
DA:16,1
DA:17,1
DA:20,5
DA:21,1
DA:22,1
DA:25,5
DA:26,1
DA:27,1
DA:32,5
DA:33,1
DA:34,1
LF:15
LH:15
BRF:0
BRH:0
end_of_record
TN:
SF:src\store\constants.ts
FNF:0
FNH:0
DA:1,10
DA:2,10
DA:5,10
DA:6,10
DA:7,10
DA:10,10
DA:11,10
DA:12,10
DA:15,10
DA:16,10
DA:17,10
LF:11
LH:11
BRF:0
BRH:0
end_of_record
TN:
SF:src\store\getters.ts
FN:13,(anonymous_0)
FN:21,(anonymous_1)
FN:22,(anonymous_2)
FN:24,(anonymous_3)
FN:24,(anonymous_4)
FN:28,(anonymous_5)
FN:28,(anonymous_6)
FN:32,(anonymous_7)
FN:34,(anonymous_8)
FN:37,(anonymous_9)
FN:39,(anonymous_10)
FNF:11
FNH:11
FNDA:1,(anonymous_0)
FNDA:1,(anonymous_1)
FNDA:1,(anonymous_2)
FNDA:2,(anonymous_3)
FNDA:2,(anonymous_4)
FNDA:2,(anonymous_5)
FNDA:2,(anonymous_6)
FNDA:1,(anonymous_7)
FNDA:3,(anonymous_8)
FNDA:1,(anonymous_9)
FNDA:3,(anonymous_10)
DA:1,3
DA:12,3
DA:20,1
DA:21,1
DA:22,1
DA:24,2
DA:25,2
DA:26,1
DA:28,2
DA:29,2
DA:30,1
DA:33,1
DA:34,3
DA:35,1
DA:38,1
DA:39,3
DA:40,1
DA:44,3
LF:18
LH:18
BRDA:25,0,0,1
BRDA:29,1,0,1
BRF:2
BRH:2
end_of_record
TN:
SF:src\store\index.ts
FNF:0
FNH:0
DA:2,2
DA:4,2
DA:5,2
DA:6,2
DA:7,2
DA:11,2
DA:13,2
DA:21,2
LF:8
LH:8
BRF:0
BRH:0
end_of_record
TN:
SF:src\store\mutations.ts
FN:12,(anonymous_0)
FN:15,(anonymous_1)
FN:18,(anonymous_2)
FN:21,(anonymous_3)
FNF:4
FNH:4
FNDA:1,(anonymous_0)
FNDA:1,(anonymous_1)
FNDA:1,(anonymous_2)
FNDA:1,(anonymous_3)
DA:1,3
DA:11,3
DA:13,1
DA:16,1
DA:19,1
DA:22,1
DA:26,3
LF:7
LH:7
BRF:0
BRH:0
end_of_record
TN:
SF:src\store\state.ts
FN:3,(anonymous_0)
FNF:1
FNH:1
FNDA:16,(anonymous_0)
DA:3,6
DA:4,16
DA:12,6
LF:3
LH:3
BRF:0
BRH:0
end_of_record
TN:
SF:src\utils\nextElementInList.js
FN:1,(anonymous_0)
FNF:1
FNH:1
FNDA:5,(anonymous_0)
DA:1,2
DA:2,5
DA:3,5
DA:4,5
DA:5,5
LF:5
LH:5
BRF:0
BRH:0
end_of_record
TN:
SF:tests\unit\store\utils.ts
FN:6,(anonymous_1)
FN:11,(anonymous_2)
FNF:2
FNH:2
FNDA:11,(anonymous_1)
FNDA:18,(anonymous_2)
DA:1,3
DA:6,3
DA:7,11
DA:8,11
DA:11,18
DA:25,3
LF:6
LH:6
BRDA:6,0,0,0
BRDA:11,1,0,2
BRF:2
BRH:1
end_of_record
